build/app/outputs/mapping/release/seeds.txt
com.stay.sorted.MainActivity
com.stay.sorted.MainActivity: MainActivity()
com.stay.sorted.R$attr: int alpha
com.stay.sorted.R$attr: int buttonSize
com.stay.sorted.R$attr: int circleCrop
com.stay.sorted.R$attr: int colorScheme
com.stay.sorted.R$attr: int font
com.stay.sorted.R$attr: int fontProviderAuthority
com.stay.sorted.R$attr: int fontProviderCerts
com.stay.sorted.R$attr: int fontProviderFetchStrategy
com.stay.sorted.R$attr: int fontProviderFetchTimeout
com.stay.sorted.R$attr: int fontProviderPackage
com.stay.sorted.R$attr: int fontProviderQuery
com.stay.sorted.R$attr: int fontStyle
com.stay.sorted.R$attr: int fontVariationSettings
com.stay.sorted.R$attr: int fontWeight
com.stay.sorted.R$attr: int imageAspectRatio
com.stay.sorted.R$attr: int imageAspectRatioAdjust
com.stay.sorted.R$attr: int scopeUris
com.stay.sorted.R$attr: int ttcIndex
com.stay.sorted.R$color: int biometric_error_color
com.stay.sorted.R$color: int black_text
com.stay.sorted.R$color: int common_google_signin_btn_text_dark
com.stay.sorted.R$color: int common_google_signin_btn_text_dark_default
com.stay.sorted.R$color: int common_google_signin_btn_text_dark_disabled
com.stay.sorted.R$color: int common_google_signin_btn_text_dark_focused
com.stay.sorted.R$color: int common_google_signin_btn_text_dark_pressed
com.stay.sorted.R$color: int common_google_signin_btn_text_light
com.stay.sorted.R$color: int common_google_signin_btn_text_light_default
com.stay.sorted.R$color: int common_google_signin_btn_text_light_disabled
com.stay.sorted.R$color: int common_google_signin_btn_text_light_focused
com.stay.sorted.R$color: int common_google_signin_btn_text_light_pressed
com.stay.sorted.R$color: int common_google_signin_btn_tint
com.stay.sorted.R$color: int grey_text
com.stay.sorted.R$color: int hint_color
com.stay.sorted.R$color: int notification_action_color_filter
com.stay.sorted.R$color: int notification_icon_bg_color
com.stay.sorted.R$color: int notification_material_background_media_default_color
com.stay.sorted.R$color: int primary_text_default_material_dark
com.stay.sorted.R$color: int ripple_material_light
com.stay.sorted.R$color: int secondary_text_default_material_dark
com.stay.sorted.R$color: int secondary_text_default_material_light
com.stay.sorted.R$color: int success_color
com.stay.sorted.R$color: int warning_color
com.stay.sorted.R$dimen: int body_text_size
com.stay.sorted.R$dimen: int compat_button_inset_horizontal_material
com.stay.sorted.R$dimen: int compat_button_inset_vertical_material
com.stay.sorted.R$dimen: int compat_button_padding_horizontal_material
com.stay.sorted.R$dimen: int compat_button_padding_vertical_material
com.stay.sorted.R$dimen: int compat_control_corner_material
com.stay.sorted.R$dimen: int compat_notification_large_icon_max_height
com.stay.sorted.R$dimen: int compat_notification_large_icon_max_width
com.stay.sorted.R$dimen: int fingerprint_icon_size
com.stay.sorted.R$dimen: int huge_text_size
com.stay.sorted.R$dimen: int medium_text_size
com.stay.sorted.R$dimen: int notification_action_icon_size
com.stay.sorted.R$dimen: int notification_action_text_size
com.stay.sorted.R$dimen: int notification_big_circle_margin
com.stay.sorted.R$dimen: int notification_content_margin_start
com.stay.sorted.R$dimen: int notification_large_icon_height
com.stay.sorted.R$dimen: int notification_large_icon_width
com.stay.sorted.R$dimen: int notification_main_column_padding_top
com.stay.sorted.R$dimen: int notification_media_narrow_margin
com.stay.sorted.R$dimen: int notification_right_icon_size
com.stay.sorted.R$dimen: int notification_right_side_padding_top
com.stay.sorted.R$dimen: int notification_small_icon_background_padding
com.stay.sorted.R$dimen: int notification_small_icon_size_as_large
com.stay.sorted.R$dimen: int notification_subtext_size
...
io.flutter.plugins.firebase.cloudfirestore.R$string: int common_google_play_services_enable_button
io.flutter.plugins.firebase.cloudfirestore.R$string: int common_google_play_services_enable_text
io.flutter.plugins.firebase.cloudfirestore.R$string: int common_google_play_services_enable_title
io.flutter.plugins.firebase.cloudfirestore.R$string: int common_google_play_services_install_button
io.flutter.plugins.firebase.cloudfirestore.R$string: int common_google_play_services_install_text
io.flutter.plugins.firebase.cloudfirestore.R$string: int common_google_play_services_install_title
io.flutter.plugins.firebase.cloudfirestore.R$string: int common_google_play_services_notification_channel_name
io.flutter.plugins.firebase.cloudfirestore.R$string: int common_google_play_services_notification_ticker
io.flutter.plugins.firebase.cloudfirestore.R$string: int common_google_play_services_unknown_issue
io.flutter.plugins.firebase.cloudfirestore.R$string: int common_google_play_services_unsupported_text
io.flutter.plugins.firebase.cloudfirestore.R$string: int common_google_play_services_update_button
io.flutter.plugins.firebase.cloudfirestore.R$string: int common_google_play_services_update_text
io.flutter.plugins.firebase.cloudfirestore.R$string: int common_google_play_services_update_title
io.flutter.plugins.firebase.cloudfirestore.R$string: int common_google_play_services_updating_text
io.flutter.plugins.firebase.cloudfirestore.R$style: int TextAppearance_Compat_Notification
io.flutter.plugins.firebase.cloudfirestore.R$style: int TextAppearance_Compat_Notification_Info
io.flutter.plugins.firebase.cloudfirestore.R$style: int TextAppearance_Compat_Notification_Info_Media
io.flutter.plugins.firebase.cloudfirestore.R$style: int TextAppearance_Compat_Notification_Line2
io.flutter.plugins.firebase.cloudfirestore.R$style: int TextAppearance_Compat_Notification_Line2_Media
io.flutter.plugins.firebase.cloudfirestore.R$style: int TextAppearance_Compat_Notification_Media
io.flutter.plugins.firebase.cloudfirestore.R$style: int TextAppearance_Compat_Notification_Time
io.flutter.plugins.firebase.cloudfirestore.R$style: int TextAppearance_Compat_Notification_Time_Media
io.flutter.plugins.firebase.cloudfirestore.R$style: int TextAppearance_Compat_Notification_Title
io.flutter.plugins.firebase.cloudfirestore.R$style: int TextAppearance_Compat_Notification_Title_Media
io.flutter.plugins.firebase.cloudfirestore.R$style: int Widget_Compat_NotificationActionContainer
io.flutter.plugins.firebase.cloudfirestore.R$style: int Widget_Compat_NotificationActionText
io.flutter.plugins.firebase.cloudfirestore.R$styleable: int[] ColorStateListItem
io.flutter.plugins.firebase.cloudfirestore.R$styleable: int ColorStateListItem_android_color
io.flutter.plugins.firebase.cloudfirestore.R$styleable: int ColorStateListItem_android_alpha
io.flutter.plugins.firebase.cloudfirestore.R$styleable: int ColorStateListItem_alpha
io.flutter.plugins.firebase.cloudfirestore.R$styleable: int[] FontFamily
io.flutter.plugins.firebase.cloudfirestore.R$styleable: int FontFamily_fontProviderAuthority
io.flutter.plugins.firebase.cloudfirestore.R$styleable: int FontFamily_fontProviderCerts
io.flutter.plugins.firebase.cloudfirestore.R$styleable: int FontFamily_fontProviderFetchStrategy
io.flutter.plugins.firebase.cloudfirestore.R$styleable: int FontFamily_fontProviderFetchTimeout
io.flutter.plugins.firebase.cloudfirestore.R$styleable: int FontFamily_fontProviderPackage
io.flutter.plugins.firebase.cloudfirestore.R$styleable: int FontFamily_fontProviderQuery
io.flutter.plugins.firebase.cloudfirestore.R$styleable: int[] FontFamilyFont
io.flutter.plugins.firebase.cloudfirestore.R$styleable: int FontFamilyFont_android_font
io.flutter.plugins.firebase.cloudfirestore.R$styleable: int FontFamilyFont_android_fontWeight
io.flutter.plugins.firebase.cloudfirestore.R$styleable: int FontFamilyFont_android_fontStyle
io.flutter.plugins.firebase.cloudfirestore.R$styleable: int FontFamilyFont_android_ttcIndex