build/app/outputs/mapping/release/mapping.txt
com.stay.sorted.MainActivity -> com.stay.sorted.MainActivity:
    void <init>() -> <init>
    void onCreate(android.os.Bundle) -> onCreate
...
com.google.gson.internal.ConstructorConstructor -> com.google.d.b.c:
    java.util.Map instanceCreators -> a
    com.google.gson.internal.reflect.ReflectionAccessor accessor -> b
    void <init>(java.util.Map) -> <init>
    com.google.gson.internal.ObjectConstructor get(com.google.gson.reflect.TypeToken) -> a
    com.google.gson.internal.ObjectConstructor newDefaultConstructor(java.lang.Class) -> a
    com.google.gson.internal.ObjectConstructor newDefaultImplementationConstructor(java.lang.reflect.Type,java.lang.Class) -> a
    com.google.gson.internal.ObjectConstructor newUnsafeAllocator(java.lang.reflect.Type,java.lang.Class) -> b
    java.lang.String toString() -> toString
com.google.gson.internal.ConstructorConstructor$1 -> com.google.d.b.c$1:
    com.google.gson.InstanceCreator val$typeCreator -> a
    java.lang.reflect.Type val$type -> b
    com.google.gson.internal.ConstructorConstructor this$0 -> c
    void <init>(com.google.gson.internal.ConstructorConstructor,com.google.gson.InstanceCreator,java.lang.reflect.Type) -> <init>
    java.lang.Object construct() -> a
com.google.gson.internal.ConstructorConstructor$10 -> com.google.d.b.c$2:
    com.google.gson.internal.ConstructorConstructor this$0 -> a
    void <init>(com.google.gson.internal.ConstructorConstructor) -> <init>
    java.lang.Object construct() -> a
com.google.gson.internal.ConstructorConstructor$11 -> com.google.d.b.c$3:
    com.google.gson.internal.ConstructorConstructor this$0 -> a
    void <init>(com.google.gson.internal.ConstructorConstructor) -> <init>
    java.lang.Object construct() -> a
com.google.gson.internal.ConstructorConstructor$12 -> com.google.d.b.c$4:
    com.google.gson.internal.ConstructorConstructor this$0 -> a
    void <init>(com.google.gson.internal.ConstructorConstructor) -> <init>
    java.lang.Object construct() -> a
com.google.gson.internal.ConstructorConstructor$13 -> com.google.d.b.c$5:
    com.google.gson.internal.ConstructorConstructor this$0 -> a
    void <init>(com.google.gson.internal.ConstructorConstructor) -> <init>
    java.lang.Object construct() -> a
com.google.gson.internal.ConstructorConstructor$14 -> com.google.d.b.c$6:
    com.google.gson.internal.UnsafeAllocator unsafeAllocator -> d
    java.lang.Class val$rawType -> a
    java.lang.reflect.Type val$type -> b
    com.google.gson.internal.ConstructorConstructor this$0 -> c
    void <init>(com.google.gson.internal.ConstructorConstructor,java.lang.Class,java.lang.reflect.Type) -> <init>
    java.lang.Object construct() -> a
com.google.gson.internal.ConstructorConstructor$2 -> com.google.d.b.c$7:
    com.google.gson.InstanceCreator val$rawTypeCreator -> a
    java.lang.reflect.Type val$type -> b
    com.google.gson.internal.ConstructorConstructor this$0 -> c
    void <init>(com.google.gson.internal.ConstructorConstructor,com.google.gson.InstanceCreator,java.lang.reflect.Type) -> <init>
    java.lang.Object construct() -> a
com.google.gson.internal.ConstructorConstructor$3 -> com.google.d.b.c$8:
    java.lang.reflect.Constructor val$constructor -> a
    com.google.gson.internal.ConstructorConstructor this$0 -> b
    void <init>(com.google.gson.internal.ConstructorConstructor,java.lang.reflect.Constructor) -> <init>
    java.lang.Object construct() -> a
com.google.gson.internal.ConstructorConstructor$4 -> com.google.d.b.c$9:
    com.google.gson.internal.ConstructorConstructor this$0 -> a
    void <init>(com.google.gson.internal.ConstructorConstructor) -> <init>
    java.lang.Object construct() -> a
com.google.gson.internal.ConstructorConstructor$5 -> com.google.d.b.c$10:
    java.lang.reflect.Type val$type -> a
    com.google.gson.internal.ConstructorConstructor this$0 -> b
    void <init>(com.google.gson.internal.ConstructorConstructor,java.lang.reflect.Type) -> <init>
    java.lang.Object construct() -> a