build/app/outputs/mapping/release/usage.txt
com.stay.sorted.BuildConfig
com.stay.sorted.R
com.stay.sorted.R$attr
com.stay.sorted.R$color
com.stay.sorted.R$dimen
com.stay.sorted.R$drawable
com.stay.sorted.R$id
com.stay.sorted.R$integer
com.stay.sorted.R$layout
com.stay.sorted.R$mipmap
com.stay.sorted.R$string
com.stay.sorted.R$style
com.stay.sorted.R$styleable
com.stay.sorted.R$xml
...
io.opencensus.common.Clock
io.opencensus.common.Duration
io.opencensus.common.ExperimentalApi
io.opencensus.common.Function
io.opencensus.common.Functions
io.opencensus.common.Functions$1
io.opencensus.common.Functions$2
io.opencensus.common.Functions$3
io.opencensus.common.Functions$4
io.opencensus.common.Functions$5
io.opencensus.common.Internal
io.opencensus.common.NonThrowingCloseable
io.opencensus.common.OpenCensusLibraryInformation
io.opencensus.common.Scope
io.opencensus.common.ServerStats
io.opencensus.common.ServerStatsDeserializationException
io.opencensus.common.ServerStatsEncoding
io.opencensus.common.ServerStatsEncoding$1
io.opencensus.common.ServerStatsFieldEnums
io.opencensus.common.ServerStatsFieldEnums$Id
io.opencensus.common.ServerStatsFieldEnums$Size
io.opencensus.common.TimeUtils:
    static final long MAX_SECONDS
    static final int MAX_NANOS
    static final long MILLIS_PER_SECOND
    static final long NANOS_PER_MILLI
    static final long NANOS_PER_SECOND
    29:29:private TimeUtils()
    53:57:static long checkedAdd(long,long)
io.opencensus.common.Timestamp:
    86:88:public static io.opencensus.common.Timestamp fromMillis(long)
    119:119:public io.opencensus.common.Timestamp addNanos(long)
    130:130:public io.opencensus.common.Timestamp addDuration(io.opencensus.common.Duration)
    142:151:public io.opencensus.common.Duration subtractTimestamp(io.opencensus.common.Timestamp)
    173:180:private io.opencensus.common.Timestamp plus(long,long)
    186:188:private static io.opencensus.common.Timestamp ofEpochSecond(long,long)
    193:193:private static long floorDiv(long,long)
    198:198:private static long floorMod(long,long)
io.opencensus.common.ToDoubleFunction
io.opencensus.common.ToLongFunction
io.opencensus.contrib.grpc.metrics.RpcMeasureConstants:
    private static final java.lang.String BYTE
    private static final java.lang.String COUNT
    private static final java.lang.String MILLISECOND
    554:554:private RpcMeasureConstants()
io.opencensus.contrib.grpc.metrics.RpcViewConstants
io.opencensus.contrib.grpc.metrics.RpcViews
io.opencensus.internal.DefaultVisibilityForTesting
io.opencensus.internal.NoopScope
io.opencensus.internal.Provider:
    31:31:private Provider()
io.opencensus.internal.StringUtils:
    41:41:private StringUtils()
io.opencensus.internal.Utils:
    29:29:private Utils()
    95:101:public static void checkIndex(int,int)
    129:134:public static void checkListElementNotNull(java.util.List,java.lang.Object)
    145:150:public static void checkMapElementNotNull(java.util.Map,java.lang.Object)
io.opencensus.internal.ZeroTimeClock
io.opencensus.internal.package-info
io.opencensus.metrics.AutoValue_LabelKey
io.opencensus.metrics.AutoValue_LabelValue
io.opencensus.metrics.AutoValue_MetricOptions
io.opencensus.metrics.AutoValue_MetricOptions$1
io.opencensus.metrics.AutoValue_MetricOptions$Builder
io.opencensus.metrics.DerivedDoubleCumulative
io.opencensus.metrics.DerivedDoubleCumulative$NoopDerivedDoubleCumulative
io.opencensus.metrics.DerivedDoubleGauge
io.opencensus.metrics.DerivedDoubleGauge$NoopDerivedDoubleGauge
io.opencensus.metrics.DerivedLongCumulative
io.opencensus.metrics.DerivedLongCumulative$NoopDerivedLongCumulative
io.opencensus.metrics.DerivedLongGauge
io.opencensus.metrics.DerivedLongGauge$NoopDerivedLongGauge
io.opencensus.metrics.DoubleCumulative
io.opencensus.metrics.DoubleCumulative$DoublePoint
io.opencensus.metrics.DoubleCumulative$NoopDoubleCumulative
io.opencensus.metrics.DoubleCumulative$NoopDoubleCumulative$NoopDoublePoint
io.opencensus.metrics.DoubleGauge
io.opencensus.metrics.DoubleGauge$DoublePoint
io.opencensus.metrics.DoubleGauge$NoopDoubleGauge
io.opencensus.metrics.DoubleGauge$NoopDoubleGauge$NoopDoublePoint
io.opencensus.metrics.LabelKey
io.opencensus.metrics.LabelValue
io.opencensus.metrics.LongCumulative
io.opencensus.metrics.LongCumulative$LongPoint
io.opencensus.metrics.LongCumulative$NoopLongCumulative